<?xml version="1.0" encoding="UTF-8"?>
<!-- Generated by org.testng.reporters.JUnitXMLReporter -->
<testsuite ignored="0" hostname="vivobook-asuslaptop-x512flc-x512fl" failures="1" tests="14" name="Default test" time="6.693" errors="0" timestamp="2024-02-12T12:44:01 IST">
  <testcase classname="com.test.Onotologytree_json.CodeCheck" name="@AfterTest afterTest" time="0.003">
    <failure type="java.lang.NullPointerException" message="Cannot invoke &amp;quot;org.openqa.selenium.remote.RemoteWebDriver.quit()&amp;quot; because &amp;quot;this.driver&amp;quot; is null">
      <![CDATA[java.lang.NullPointerException: Cannot invoke "org.openqa.selenium.remote.RemoteWebDriver.quit()" because "this.driver" is null
at com.test.Onotologytree_json.CodeCheck.afterTest(CodeCheck.java:207)
at java.base/jdk.internal.reflect.NativeMethodAccessorImpl.invoke0(Native Method)
at java.base/jdk.internal.reflect.NativeMethodAccessorImpl.invoke(NativeMethodAccessorImpl.java:77)
at java.base/jdk.internal.reflect.DelegatingMethodAccessorImpl.invoke(DelegatingMethodAccessorImpl.java:43)
at java.base/java.lang.reflect.Method.invoke(Method.java:568)
at org.testng.internal.MethodInvocationHelper.invokeMethod(MethodInvocationHelper.java:133)
at org.testng.internal.MethodInvocationHelper.invokeMethodConsideringTimeout(MethodInvocationHelper.java:62)
at org.testng.internal.ConfigInvoker.invokeConfigurationMethod(ConfigInvoker.java:385)
at org.testng.internal.ConfigInvoker.invokeConfigurations(ConfigInvoker.java:321)
at org.testng.TestRunner.invokeTestConfigurations(TestRunner.java:637)
at org.testng.TestRunner.afterRun(TestRunner.java:877)
at org.testng.TestRunner.run(TestRunner.java:599)
at org.testng.SuiteRunner.runTest(SuiteRunner.java:377)
at org.testng.SuiteRunner.runSequentially(SuiteRunner.java:371)
at org.testng.SuiteRunner.privateRun(SuiteRunner.java:332)
at org.testng.SuiteRunner.run(SuiteRunner.java:276)
at org.testng.SuiteRunnerWorker.runSuite(SuiteRunnerWorker.java:53)
at org.testng.SuiteRunnerWorker.run(SuiteRunnerWorker.java:96)
at org.testng.TestNG.runSuitesSequentially(TestNG.java:1212)
at org.testng.TestNG.runSuitesLocally(TestNG.java:1134)
at org.testng.TestNG.runSuites(TestNG.java:1063)
at org.testng.TestNG.run(TestNG.java:1031)
at org.testng.remote.AbstractRemoteTestNG.run(AbstractRemoteTestNG.java:115)
at org.testng.remote.RemoteTestNG.initAndRun(RemoteTestNG.java:251)
at org.testng.remote.RemoteTestNG.main(RemoteTestNG.java:77)
]]>
    </failure>
  </testcase> <!-- @AfterTest afterTest -->
  <testcase classname="com.test.Onotologytree_json.CodeCheck" name="PixelAnnotation" time="1.199"/>
  <testcase classname="com.test.Onotologytree_json.CodeCheck" name="Atlas" time="0.996"/>
  <testcase classname="com.test.Onotologytree_json.CodeCheck" name="FlatTree" time="0.39"/>
  <testcase classname="com.test.Onotologytree_json.CodeCheck" name="fetalatlas_v124" time="0.581"/>
  <testcase classname="com.test.Onotologytree_json.CodeCheck" name="ImageQc" time="0.304"/>
  <testcase classname="com.test.Onotologytree_json.CodeCheck" name="CellCenter" time="0.288"/>
  <testcase classname="com.test.Onotologytree_json.CodeCheck" name="New_Ontologys" time="0.367"/>
  <testcase classname="com.test.Onotologytree_json.CodeCheck" name="Fetal_Atlas_V1_40" time="0.327"/>
  <testcase classname="com.test.Onotologytree_json.CodeCheck" name="Superannotate_FB3" time="0.44"/>
  <testcase classname="com.test.Onotologytree_json.CodeCheck" name="flatnomenclature_v105" time="0.381">
    <failure type="java.lang.AssertionError" message="Annotation flatnomenclature_v105 has invalid hex color. expected [true] but found [false]">
      <![CDATA[java.lang.AssertionError: Annotation flatnomenclature_v105 has invalid hex color. expected [true] but found [false]
at org.testng.Assert.fail(Assert.java:99)
at org.testng.Assert.failNotEquals(Assert.java:1037)
at org.testng.Assert.assertTrue(Assert.java:45)
at com.test.Onotologytree_json.CodeCheck.testAnnotationValidity(CodeCheck.java:138)
at com.test.Onotologytree_json.CodeCheck.flatnomenclature_v105(CodeCheck.java:84)
at java.base/jdk.internal.reflect.NativeMethodAccessorImpl.invoke0(Native Method)
at java.base/jdk.internal.reflect.NativeMethodAccessorImpl.invoke(NativeMethodAccessorImpl.java:77)
at java.base/jdk.internal.reflect.DelegatingMethodAccessorImpl.invoke(DelegatingMethodAccessorImpl.java:43)
at java.base/java.lang.reflect.Method.invoke(Method.java:568)
at org.testng.internal.MethodInvocationHelper.invokeMethod(MethodInvocationHelper.java:133)
at org.testng.internal.TestInvoker.invokeMethod(TestInvoker.java:598)
at org.testng.internal.TestInvoker.invokeTestMethod(TestInvoker.java:173)
at org.testng.internal.MethodRunner.runInSequence(MethodRunner.java:46)
at org.testng.internal.TestInvoker$MethodInvocationAgent.invoke(TestInvoker.java:824)
at org.testng.internal.TestInvoker.invokeTestMethods(TestInvoker.java:146)
at org.testng.internal.TestMethodWorker.invokeTestMethods(TestMethodWorker.java:146)
at org.testng.internal.TestMethodWorker.run(TestMethodWorker.java:128)
at java.base/java.util.ArrayList.forEach(ArrayList.java:1511)
at org.testng.TestRunner.privateRun(TestRunner.java:794)
at org.testng.TestRunner.run(TestRunner.java:596)
at org.testng.SuiteRunner.runTest(SuiteRunner.java:377)
at org.testng.SuiteRunner.runSequentially(SuiteRunner.java:371)
at org.testng.SuiteRunner.privateRun(SuiteRunner.java:332)
at org.testng.SuiteRunner.run(SuiteRunner.java:276)
at org.testng.SuiteRunnerWorker.runSuite(SuiteRunnerWorker.java:53)
at org.testng.SuiteRunnerWorker.run(SuiteRunnerWorker.java:96)
at org.testng.TestNG.runSuitesSequentially(TestNG.java:1212)
at org.testng.TestNG.runSuitesLocally(TestNG.java:1134)
at org.testng.TestNG.runSuites(TestNG.java:1063)
at org.testng.TestNG.run(TestNG.java:1031)
at org.testng.remote.AbstractRemoteTestNG.run(AbstractRemoteTestNG.java:115)
at org.testng.remote.RemoteTestNG.initAndRun(RemoteTestNG.java:251)
at org.testng.remote.RemoteTestNG.main(RemoteTestNG.java:77)
]]>
    </failure>
  </testcase> <!-- flatnomenclature_v105 -->
  <testcase classname="com.test.Onotologytree_json.CodeCheck" name="fetalatlas_test" time="0.393"/>
  <testcase classname="com.test.Onotologytree_json.CodeCheck" name="Superannotate_FB3_First_Hemisphere" time="0.338"/>
  <testcase classname="com.test.Onotologytree_json.CodeCheck" name="Cell_classification_Rakic" time="0.336"/>
  <testcase classname="com.test.Onotologytree_json.CodeCheck" name="Registration" time="0.309"/>
</testsuite> <!-- Default test -->
